\BOOKMARK [1][-]{section.1}{\376\377\000I\000n\000t\000r\000o\000d\000u\000c\000t\000i\000o\000n}{}% 1
\BOOKMARK [2][-]{subsection.1.1}{\376\377\000W\000h\000y\000\040\000s\000p\000a\000t\000i\000a\000l\000\040\000m\000i\000c\000r\000o\000s\000i\000m\000u\000l\000a\000t\000i\000o\000n\000\040\000w\000i\000t\000h\000\040\000R\000?}{section.1}% 2
\BOOKMARK [2][-]{subsection.1.2}{\376\377\000L\000e\000a\000r\000n\000i\000n\000g\000\040\000t\000h\000e\000\040\000R\000\040\000l\000a\000n\000g\000u\000a\000g\000e}{section.1}% 3
\BOOKMARK [2][-]{subsection.1.3}{\376\377\000T\000y\000p\000o\000g\000r\000a\000p\000h\000i\000c\000\040\000c\000o\000n\000v\000e\000n\000t\000i\000o\000n\000s}{section.1}% 4
\BOOKMARK [2][-]{subsection.1.4}{\376\377\000A\000n\000\040\000o\000v\000e\000r\000v\000i\000e\000w\000\040\000o\000f\000\040\000t\000h\000e\000\040\000b\000o\000o\000k}{section.1}% 5
\BOOKMARK [1][-]{section.2}{\376\377\000W\000h\000a\000t\000\040\000i\000s\000\040\000s\000p\000a\000t\000i\000a\000l\000\040\000m\000i\000c\000r\000o\000s\000i\000m\000u\000l\000a\000t\000i\000o\000n\000?}{}% 6
\BOOKMARK [2][-]{subsection.2.1}{\376\377\000T\000e\000r\000m\000i\000n\000o\000l\000o\000g\000y}{section.2}% 7
\BOOKMARK [2][-]{subsection.2.2}{}{section.2}% 8
\BOOKMARK [2][-]{subsection.2.2}{\376\377\000W\000h\000y\000\040\000u\000s\000e\000\040\000s\000p\000a\000t\000i\000a\000l\000\040\000m\000i\000c\000r\000o\000s\000i\000m\000u\000l\000a\000t\000i\000o\000n\000?}{section.2}% 9
\BOOKMARK [2][-]{subsection.2.3}{\376\377\000A\000p\000p\000l\000i\000c\000a\000t\000i\000o\000n\000s}{section.2}% 10
\BOOKMARK [2][-]{subsection.2.4}{}{section.2}% 11
\BOOKMARK [2][-]{subsection.2.4}{}{section.2}% 12
\BOOKMARK [2][-]{subsection.2.4}{}{section.2}% 13
\BOOKMARK [2][-]{subsection.2.4}{\376\377\000A\000s\000s\000u\000m\000p\000t\000i\000o\000n\000s}{section.2}% 14
\BOOKMARK [1][-]{section.3}{\376\377\000S\000p\000a\000t\000i\000a\000l\000\040\000m\000i\000c\000r\000o\000s\000i\000m\000u\000l\000a\000t\000i\000o\000n\000\040\000i\000n\000\040\000c\000o\000n\000t\000e\000x\000t}{}% 15
\BOOKMARK [2][-]{subsection.3.1}{\376\377\000S\000i\000m\000p\000l\000e\000W\000o\000r\000l\000d\000\040\000d\000a\000t\000a}{section.3}% 16
\BOOKMARK [2][-]{subsection.3.2}{\376\377\000A\000\040\000w\000e\000i\000g\000h\000t\000\040\000m\000a\000t\000r\000i\000x}{section.3}% 17
\BOOKMARK [2][-]{subsection.3.3}{\376\377\000S\000p\000a\000t\000i\000a\000l\000\040\000m\000i\000c\000r\000o\000d\000a\000t\000a}{section.3}% 18
\BOOKMARK [2][-]{subsection.3.4}{\376\377\000S\000i\000m\000p\000l\000e\000W\000o\000r\000l\000d\000\040\000i\000n\000\040\000c\000o\000n\000t\000e\000x\000t}{section.3}% 19
\BOOKMARK [1][-]{section.4}{\376\377\000D\000a\000t\000a\000\040\000p\000r\000e\000p\000a\000r\000a\000t\000i\000o\000n}{}% 20
\BOOKMARK [2][-]{subsection.4.1}{\376\377\000S\000e\000l\000e\000c\000t\000i\000n\000g\000\040\000t\000a\000r\000g\000e\000t\000\040\000a\000n\000d\000\040\000c\000o\000n\000s\000t\000r\000a\000i\000n\000t\000\040\000v\000a\000r\000i\000a\000b\000l\000e\000s}{section.4}% 21
\BOOKMARK [2][-]{subsection.4.2}{\376\377\000L\000o\000a\000d\000i\000n\000g\000\040\000i\000n\000p\000u\000t\000\040\000d\000a\000t\000a}{section.4}% 22
\BOOKMARK [2][-]{subsection.4.3}{\376\377\000S\000u\000b\000s\000e\000t\000t\000i\000n\000g\000\040\000t\000o\000\040\000r\000e\000m\000o\000v\000e\000\040\000e\000x\000c\000e\000s\000s\000\040\000i\000n\000f\000o\000r\000m\000a\000t\000i\000o\000n}{section.4}% 23
\BOOKMARK [2][-]{subsection.4.4}{\376\377\000R\000e\000-\000c\000a\000t\000e\000g\000o\000r\000i\000s\000i\000n\000g\000\040\000i\000n\000d\000i\000v\000i\000d\000u\000a\000l\000-\000l\000e\000v\000e\000l\000\040\000v\000a\000r\000i\000a\000b\000l\000e\000s}{section.4}% 24
\BOOKMARK [2][-]{subsection.4.5}{\376\377\000M\000a\000t\000c\000h\000i\000n\000g\000\040\000i\000n\000d\000i\000v\000i\000d\000u\000a\000l\000\040\000a\000n\000d\000\040\000a\000g\000g\000r\000e\000g\000a\000t\000e\000\040\000l\000e\000v\000e\000l\000\040\000d\000a\000t\000a\000\040\000n\000a\000m\000e\000s}{section.4}% 25
\BOOKMARK [2][-]{subsection.4.6}{\376\377\000`\000F\000l\000a\000t\000t\000e\000n\000i\000n\000g\000'\000\040\000t\000h\000e\000\040\000i\000n\000d\000i\000v\000i\000d\000u\000a\000l\000\040\000l\000e\000v\000e\000l\000\040\000d\000a\000t\000a}{section.4}% 26
\BOOKMARK [2][-]{subsection.4.7}{\376\377\000C\000h\000a\000p\000t\000e\000r\000\040\000s\000u\000m\000m\000a\000r\000y}{section.4}% 27
\BOOKMARK [1][-]{section.5}{\376\377\000P\000o\000p\000u\000l\000a\000t\000i\000o\000n\000\040\000s\000y\000n\000t\000h\000e\000s\000i\000s\000\040\000w\000i\000t\000h\000\040\000R}{}% 28
\BOOKMARK [2][-]{subsection.5.1}{\376\377\000W\000e\000i\000g\000h\000t\000i\000n\000g\000\040\000a\000l\000g\000o\000r\000i\000t\000h\000m\000s}{section.5}% 29
\BOOKMARK [2][-]{subsection.5.2}{\376\377\000I\000t\000e\000r\000a\000t\000i\000v\000e\000\040\000P\000r\000o\000p\000o\000r\000t\000i\000o\000n\000a\000l\000\040\000F\000i\000t\000t\000i\000n\000g}{section.5}% 30
\BOOKMARK [2][-]{subsection.5.3}{}{section.5}% 31
\BOOKMARK [2][-]{subsection.5.3}{\376\377\000R\000e\000w\000e\000i\000g\000h\000t\000i\000n\000g\000\040\000w\000i\000t\000h\000\040\000m\000i\000p\000f\000p}{section.5}% 32
\BOOKMARK [1][-]{section.6}{\376\377\000A\000l\000t\000e\000r\000n\000a\000t\000i\000v\000e\000\040\000a\000p\000p\000r\000o\000a\000c\000h\000e\000s\000\040\000t\000o\000\040\000p\000o\000p\000u\000l\000a\000t\000i\000o\000n\000\040\000s\000y\000n\000t\000h\000e\000s\000i\000s}{}% 33
\BOOKMARK [2][-]{subsection.6.1}{\376\377\000G\000R\000E\000G\000W\000T}{section.6}% 34
\BOOKMARK [2][-]{subsection.6.2}{\376\377\000P\000o\000p\000u\000l\000a\000t\000i\000o\000n\000\040\000s\000y\000n\000t\000h\000e\000s\000i\000s\000\040\000a\000s\000\040\000a\000n\000\040\000o\000p\000t\000i\000m\000i\000z\000a\000t\000i\000o\000n\000\040\000p\000r\000o\000b\000l\000e\000m}{section.6}% 35
\BOOKMARK [1][-]{section.7}{\376\377\000P\000o\000p\000u\000l\000a\000t\000i\000o\000n\000\040\000s\000y\000n\000t\000h\000e\000s\000i\000s\000\040\000w\000i\000t\000h\000o\000u\000t\000\040\000m\000i\000c\000r\000o\000d\000a\000t\000a}{}% 36
\BOOKMARK [1][-]{section.8}{\376\377\000S\000p\000a\000t\000i\000a\000l\000\040\000m\000i\000c\000r\000o\000s\000i\000m\000u\000l\000a\000t\000i\000o\000n\000\040\000i\000n\000\040\000t\000h\000e\000\040\000w\000i\000l\000d}{}% 37
\BOOKMARK [2][-]{subsection.8.1}{\376\377\000S\000e\000l\000e\000c\000t\000i\000o\000n\000\040\000o\000f\000\040\000c\000o\000n\000s\000t\000r\000a\000i\000n\000t\000\040\000v\000a\000r\000i\000a\000b\000l\000e\000s}{section.8}% 38
\BOOKMARK [2][-]{subsection.8.2}{\376\377\000P\000r\000e\000p\000a\000r\000i\000n\000g\000\040\000t\000h\000e\000\040\000i\000n\000p\000u\000t\000\040\000d\000a\000t\000a}{section.8}% 39
\BOOKMARK [2][-]{subsection.8.3}{\376\377\000P\000e\000r\000f\000o\000r\000m\000i\000n\000g\000\040\000I\000P\000F\000\040\000o\000n\000\040\000C\000a\000k\000e\000M\000a\000p\000\040\000d\000a\000t\000a}{section.8}% 40
\BOOKMARK [2][-]{subsection.8.4}{\376\377\000I\000n\000t\000e\000g\000e\000r\000i\000s\000a\000t\000i\000o\000n}{section.8}% 41
\BOOKMARK [1][-]{section.9}{\376\377\000M\000o\000d\000e\000l\000\040\000c\000h\000e\000c\000k\000i\000n\000g\000\040\000a\000n\000d\000\040\000e\000v\000a\000l\000u\000a\000t\000i\000o\000n}{}% 42
\BOOKMARK [2][-]{subsection.9.1}{\376\377\000I\000n\000t\000e\000r\000n\000a\000l\000\040\000v\000a\000l\000i\000d\000a\000t\000i\000o\000n}{section.9}% 43
\BOOKMARK [2][-]{subsection.9.2}{\376\377\000E\000x\000t\000e\000r\000n\000a\000l\000\040\000v\000a\000l\000i\000d\000a\000t\000i\000o\000n}{section.9}% 44
\BOOKMARK [2][-]{subsection.9.3}{\376\377\000I\000n\000d\000i\000v\000i\000d\000u\000a\000l\000-\000l\000e\000v\000e\000l\000\040\000e\000x\000t\000e\000r\000n\000a\000l\000\040\000v\000a\000l\000i\000d\000a\000t\000i\000o\000n}{section.9}% 45
\BOOKMARK [2][-]{subsection.9.4}{\376\377\000E\000v\000a\000l\000u\000a\000t\000i\000n\000g\000\040\000t\000h\000e\000\040\000C\000a\000k\000e\000M\000a\000p\000\040\000m\000o\000d\000e\000l}{section.9}% 46
\BOOKMARK [1][-]{section.10}{\376\377\000V\000i\000s\000u\000a\000l\000i\000s\000i\000n\000g\000\040\000a\000n\000d\000\040\000a\000n\000a\000l\000y\000s\000i\000n\000g\000\040\000s\000p\000a\000t\000i\000a\000l\000\040\000m\000i\000c\000r\000o\000d\000a\000t\000a}{}% 47
\BOOKMARK [2][-]{subsection.10.1}{\376\377\000V\000i\000s\000u\000a\000l\000i\000s\000a\000t\000i\000o\000n\000s}{section.10}% 48
\BOOKMARK [2][-]{subsection.10.2}{\376\377\000A\000n\000a\000l\000y\000s\000i\000s\000\040\000o\000f\000\040\000s\000p\000a\000t\000i\000a\000l\000\040\000m\000i\000c\000r\000o\000d\000a\000t\000a}{section.10}% 49
\BOOKMARK [2][-]{subsection.10.3}{\376\377\000I\000n\000t\000e\000r\000p\000r\000e\000t\000a\000t\000i\000o\000n\000\040\000o\000f\000\040\000r\000e\000s\000u\000l\000t\000s}{section.10}% 50
\BOOKMARK [1][-]{section.11}{\376\377\000S\000p\000a\000t\000i\000a\000l\000\040\000m\000i\000c\000r\000o\000d\000a\000t\000a\000\040\000i\000n\000\040\000a\000g\000e\000n\000t\000-\000b\000a\000s\000e\000d\000\040\000m\000o\000d\000e\000l\000s}{}% 51
\BOOKMARK [2][-]{subsection.11.1}{\376\377\000A\000B\000M\000\040\000a\000p\000p\000l\000i\000c\000a\000t\000i\000o\000n\000s}{section.11}% 52
\BOOKMARK [2][-]{subsection.11.2}{\376\377\000A\000B\000M\000\040\000s\000o\000f\000t\000w\000a\000r\000e}{section.11}% 53
\BOOKMARK [2][-]{subsection.11.3}{\376\377\000S\000i\000m\000p\000l\000e\000W\000o\000r\000l\000d\000\040\000i\000n\000\040\000N\000e\000t\000L\000o\000g\000o}{section.11}% 54
\BOOKMARK [2][-]{subsection.11.4}{\376\377\000A\000l\000l\000o\000c\000a\000t\000i\000n\000g\000\040\000a\000t\000t\000r\000i\000b\000u\000t\000e\000s\000\040\000t\000o\000\040\000a\000g\000e\000n\000t\000s}{section.11}% 55
\BOOKMARK [2][-]{subsection.11.5}{\376\377\000C\000o\000p\000s\000\040\000a\000n\000d\000\040\000r\000o\000b\000b\000e\000r\000s\000\040\000i\000n\000\040\000S\000i\000m\000p\000l\000e\000W\000o\000r\000l\000d}{section.11}% 56
\BOOKMARK [1][-]{section.12}{\376\377\000A\000d\000d\000i\000t\000i\000o\000n\000a\000l\000\040\000t\000o\000o\000l\000s\000\040\000a\000n\000d\000\040\000t\000e\000c\000h\000n\000i\000q\000u\000e\000s}{}% 57
\BOOKMARK [2][-]{subsection.12.1}{\376\377\000R\000\040\000p\000a\000c\000k\000a\000g\000e\000s\000\040\000f\000o\000r\000\040\000s\000p\000a\000t\000i\000a\000l\000\040\000m\000i\000c\000r\000o\000s\000i\000m\000u\000l\000a\000t\000i\000o\000n}{section.12}% 58
\BOOKMARK [2][-]{subsection.12.2}{\376\377\000T\000h\000e\000\040\000F\000l\000e\000x\000i\000b\000l\000e\000\040\000M\000o\000d\000e\000l\000l\000i\000n\000g\000\040\000F\000r\000a\000m\000e\000w\000o\000r\000k\000\040\000\050\000F\000M\000F\000\051}{section.12}% 59
\BOOKMARK [2][-]{subsection.12.3}{\376\377\000A\000l\000l\000o\000c\000a\000t\000i\000o\000n\000\040\000o\000f\000\040\000h\000o\000m\000e\000-\000w\000o\000r\000k\000\040\000l\000o\000c\000a\000t\000i\000o\000n\000s}{section.12}% 60
\BOOKMARK [2][-]{subsection.12.4}{\376\377\000S\000p\000a\000t\000i\000a\000l\000\040\000i\000n\000t\000e\000r\000a\000c\000t\000i\000o\000n\000\040\000m\000o\000d\000e\000l\000l\000i\000n\000g}{section.12}% 61
\BOOKMARK [1][-]{section.13}{\376\377\000A\000p\000p\000e\000n\000d\000i\000x\000:\000\040\000G\000e\000t\000t\000i\000n\000g\000\040\000u\000p\000-\000t\000o\000-\000s\000p\000e\000e\000d\000\040\000w\000i\000t\000h\000\040\000R}{}% 62
\BOOKMARK [2][-]{subsection.13.1}{\376\377\000R\000\040\000u\000n\000d\000e\000r\000s\000t\000a\000n\000d\000s\000\040\000v\000e\000c\000t\000o\000r\000\040\000a\000l\000g\000e\000b\000r\000a}{section.13}% 63
\BOOKMARK [2][-]{subsection.13.2}{\376\377\000R\000\040\000i\000s\000\040\000o\000b\000j\000e\000c\000t\000\040\000o\000r\000i\000e\000n\000t\000a\000t\000e\000d}{section.13}% 64
\BOOKMARK [2][-]{subsection.13.3}{\376\377\000S\000u\000b\000s\000e\000t\000t\000i\000n\000g\000\040\000i\000n\000\040\000R}{section.13}% 65
\BOOKMARK [2][-]{subsection.13.4}{\376\377\000F\000u\000r\000t\000h\000e\000r\000\040\000R\000\040\000r\000e\000s\000o\000u\000r\000c\000e\000s}{section.13}% 66
\BOOKMARK [1][-]{section.14}{\376\377\000G\000l\000o\000s\000s\000a\000r\000y}{}% 67
\BOOKMARK [1][-]{section.15}{\376\377\000B\000i\000b\000l\000i\000o\000g\000r\000a\000p\000h\000y}{}% 68
